<?xml version="1.0" encoding="UTF-8"?>
<!-- Generated by org.testng.reporters.JUnitReportReporter -->
<testsuite skipped="0" hostname="Home-PC" name="leads.EditLead" tests="1" failures="0" timestamp="01 Jun 2019 19:36:40 GMT" time="37.428" errors="0">
  <testcase name="runEditLead" time="37.428" classname="leads.EditLead"/>
</testsuite> <!-- leads.EditLead -->
