<?xml version="1.0" encoding="UTF-8"?>
<!-- Generated by org.testng.reporters.JUnitReportReporter -->
<testsuite skipped="0" hostname="Home-PC" name="runtest.RunTest" tests="2" failures="0" timestamp="07 Jun 2019 20:15:48 GMT" time="12.609" errors="0">
  <testcase name="runScenario" time="6.941" classname="runtest.RunTest"/>
  <testcase name="runScenario" time="5.668" classname="runtest.RunTest"/>
</testsuite> <!-- runtest.RunTest -->
